<?xml version="1.0" encoding="UTF-8"?>
<!-- Generated by org.testng.reporters.JUnitReportReporter -->
<testsuite hostname="DESKTOP-542BJL2" failures="0" tests="1" name="TestClasses.verifyUserscanSearchProduct" time="0.628" errors="0" timestamp="2022-10-14T18:50:39 IST" skipped="0">
  <testcase classname="TestClasses.verifyUserscanSearchProduct" name="verifyUsercanSearchProduct" time="0.628"/>
  <system-out>
    <![CDATA[Test Started]]>
  </system-out>
</testsuite> <!-- TestClasses.verifyUserscanSearchProduct -->
